<?xml version="1.0" encoding="UTF-8"?>
<!-- Generated by org.testng.reporters.JUnitReportReporter -->
<testsuite skipped="0" hostname="ip-172-31-81-201" name="restAPI.PostRequest" tests="1" failures="0" timestamp="02 Dec 2021 03:58:15 GMT" time="1.106" errors="0">
  <testcase name="PostCall" time="1.106" classname="restAPI.PostRequest"/>
</testsuite> <!-- restAPI.PostRequest -->
