<?xml version="1.0" encoding="UTF-8"?>
<!-- Generated by org.testng.reporters.JUnitReportReporter -->
<testsuite skipped="0" hostname="ip-172-31-81-201" name="oauth.OAuthRequest" tests="1" failures="0" timestamp="03 Dec 2021 04:26:35 GMT" time="2.289" errors="0">
  <testcase name="PostCall" time="2.289" classname="oauth.OAuthRequest"/>
</testsuite> <!-- oauth.OAuthRequest -->
