<?xml version="1.0" encoding="UTF-8"?>
<!-- Generated by org.testng.reporters.JUnitReportReporter -->
<testsuite skipped="0" hostname="ip-172-31-81-201" name="restAPI.PostRequestWithMap" tests="1" failures="0" timestamp="02 Dec 2021 04:15:58 GMT" time="1.296" errors="0">
  <testcase name="Postcall" time="1.296" classname="restAPI.PostRequestWithMap"/>
</testsuite> <!-- restAPI.PostRequestWithMap -->
