<?xml version="1.0" encoding="UTF-8"?>
<!-- Generated by org.testng.reporters.JUnitReportReporter -->
<testsuite skipped="0" hostname="ip-172-31-81-201" name="restAPI.PutRequest" tests="1" failures="0" timestamp="02 Dec 2021 05:12:59 GMT" time="1.215" errors="0">
  <testcase name="PutCall" time="1.215" classname="restAPI.PutRequest"/>
</testsuite> <!-- restAPI.PutRequest -->
