<?xml version="1.0" encoding="UTF-8"?>
<!-- Generated by org.testng.reporters.JUnitReportReporter -->
<testsuite skipped="0" hostname="ip-172-31-81-201" name="restAPI.GetRequest" tests="1" failures="0" timestamp="30 Nov 2021 07:19:36 GMT" time="1.685" errors="0">
  <testcase name="GetCall" time="1.685" classname="restAPI.GetRequest"/>
</testsuite> <!-- restAPI.GetRequest -->
