<?xml version="1.0" encoding="UTF-8"?>
<!-- Generated by org.testng.reporters.JUnitReportReporter -->
<testsuite skipped="0" hostname="ip-172-31-81-201" name="restAPI.DeleteRequest" tests="1" failures="0" timestamp="02 Dec 2021 05:21:36 GMT" time="1.049" errors="0">
  <testcase name="DeleteCall" time="1.049" classname="restAPI.DeleteRequest"/>
</testsuite> <!-- restAPI.DeleteRequest -->
