<?xml version="1.0" encoding="UTF-8"?>
<!-- Generated by org.testng.reporters.JUnitReportReporter -->
<testsuite skipped="0" hostname="ip-172-31-81-201" name="restAPIBDD.GetRequest" tests="1" failures="0" timestamp="03 Dec 2021 03:50:04 GMT" time="1.667" errors="0">
  <testcase name="GetCall" time="1.667" classname="restAPIBDD.GetRequest"/>
</testsuite> <!-- restAPIBDD.GetRequest -->
